Using pre-set license
Built from '2020.3/staging' branch; Version is '2020.3.8f1 (507919d4fff5) revision 5273881'; Using compiler version '192528614'; Build Type 'Release'
OS: 'Windows 10 Pro; OS build 18362.175; Version 1903; 64bit' Language: 'pt' Physical Memory: 8029 MB
BatchMode: 1, IsHumanControllingUs: 0, StartBugReporterOnCrash: 0, Is64bit: 1, IsPro: 0

 COMMAND LINE ARGUMENTS:
C:\Program Files\Unity\Editor\Unity.exe
-adb2
-batchMode
-noUpm
-name
AssetImportWorker1
-projectPath
C:/ILMS/ILMS
-logFile
Logs/AssetImportWorker1.log
-srvPort
62778
Successfully changed project path to: C:/ILMS/ILMS
C:/ILMS/ILMS
Using Asset Import Pipeline V2.
Refreshing native plugins compatible for Editor in 36.09 ms, found 1 plugins.
Preloading 0 native plugins for Editor in 0.00 ms.
Initialize engine version: 2020.3.8f1 (507919d4fff5)
[Subsystems] Discovering subsystems at path C:/Program Files/Unity/Editor/Data/Resources/UnitySubsystems
[Subsystems] Discovering subsystems at path C:/ILMS/ILMS/Assets
GfxDevice: creating device client; threaded=0
Direct3D:
    Version:  Direct3D 11.0 [level 11.1]
    Renderer: NVIDIA GeForce GTX 1650 (ID=0x1f91)
    Vendor:   
    VRAM:     3962 MB
    Driver:   27.21.14.6627
Initialize mono
Mono path[0] = 'C:/Program Files/Unity/Editor/Data/Managed'
Mono path[1] = 'C:/Program Files/Unity/Editor/Data/MonoBleedingEdge/lib/mono/unityjit'
Mono config path = 'C:/Program Files/Unity/Editor/Data/MonoBleedingEdge/etc'
Using monoOptions --debugger-agent=transport=dt_socket,embedding=1,server=y,suspend=n,address=127.0.0.1:56540
Begin MonoManager ReloadAssembly
Registering precompiled unity dll's ...
Register platform support module: C:/Program Files/Unity/Editor/Data/PlaybackEngines/WindowsStandaloneSupport/UnityEditor.WindowsStandalone.Extensions.dll
Registered in 0.001378 seconds.
Native extension for WindowsStandalone target not found
Refreshing native plugins compatible for Editor in 36.75 ms, found 1 plugins.
Preloading 0 native plugins for Editor in 0.00 ms.
Mono: successfully reloaded assembly
- Completed reload, in  1.646 seconds
Platform modules already initialized, skipping
Registering precompiled user dll's ...
Registered in 0.000776 seconds.
Begin MonoManager ReloadAssembly
Native extension for WindowsStandalone target not found
Refreshing native plugins compatible for Editor in 46.07 ms, found 1 plugins.
Preloading 0 native plugins for Editor in 0.00 ms.
Mono: successfully reloaded assembly
- Completed reload, in  0.929 seconds
Platform modules already initialized, skipping
========================================================================
Worker process is ready to serve import requests
Launched and connected shader compiler UnityShaderCompiler.exe after 0.04 seconds
Refreshing native plugins compatible for Editor in 0.37 ms, found 1 plugins.
Preloading 0 native plugins for Editor in 0.00 ms.
Unloading 1973 Unused Serialized files (Serialized files now loaded: 0)
System memory in use before: 92.3 MB.
System memory in use after: 92.2 MB.

Unloading 25 unused Assets to reduce memory usage. Loaded Objects now: 2416.
Total: 2.082300 ms (FindLiveObjects: 0.182000 ms CreateObjectMapping: 0.058300 ms MarkObjects: 1.708700 ms  DeleteObjects: 0.132500 ms)

========================================================================
Received Import Request.
  path: Assets/Scripts/Victory.cs
  artifactKey: Guid(a51ac6cb53d769740a9cb06b99a5bd72) Importer(815301076,1909f56bfc062723c751e8b465ee728b)
Start importing Assets/Scripts/Victory.cs using Guid(a51ac6cb53d769740a9cb06b99a5bd72) Importer(815301076,1909f56bfc062723c751e8b465ee728b)  -> (artifact id: '74f2d8b5b368d66e88309dc4c4d2e082') in 0.021064 seconds
  Import took 0.024508 seconds .

========================================================================
Received Prepare
Registering precompiled user dll's ...
Registered in 0.000871 seconds.
Begin MonoManager ReloadAssembly
Native extension for WindowsStandalone target not found
Refreshing native plugins compatible for Editor in 0.35 ms, found 1 plugins.
Preloading 0 native plugins for Editor in 0.00 ms.
Mono: successfully reloaded assembly
- Completed reload, in  0.824 seconds
Platform modules already initialized, skipping
Refreshing native plugins compatible for Editor in 0.36 ms, found 1 plugins.
Preloading 0 native plugins for Editor in 0.00 ms.
Unloading 1953 Unused Serialized files (Serialized files now loaded: 0)
System memory in use before: 90.8 MB.
System memory in use after: 90.8 MB.

Unloading 13 unused Assets to reduce memory usage. Loaded Objects now: 2420.
Total: 2.045100 ms (FindLiveObjects: 0.159600 ms CreateObjectMapping: 0.059200 ms MarkObjects: 1.731300 ms  DeleteObjects: 0.094000 ms)

========================================================================
Received Prepare
Registering precompiled user dll's ...
Registered in 0.000854 seconds.
Begin MonoManager ReloadAssembly
Native extension for WindowsStandalone target not found
Refreshing native plugins compatible for Editor in 0.53 ms, found 1 plugins.
Preloading 0 native plugins for Editor in 0.00 ms.
Mono: successfully reloaded assembly
- Completed reload, in  0.856 seconds
Platform modules already initialized, skipping
Refreshing native plugins compatible for Editor in 0.36 ms, found 1 plugins.
Preloading 0 native plugins for Editor in 0.00 ms.
Unloading 1953 Unused Serialized files (Serialized files now loaded: 0)
System memory in use before: 90.9 MB.
System memory in use after: 90.8 MB.

Unloading 13 unused Assets to reduce memory usage. Loaded Objects now: 2424.
Total: 2.033600 ms (FindLiveObjects: 0.161300 ms CreateObjectMapping: 0.059600 ms MarkObjects: 1.718300 ms  DeleteObjects: 0.093600 ms)

========================================================================
Received Prepare
Registering precompiled user dll's ...
Registered in 0.000859 seconds.
Begin MonoManager ReloadAssembly
Native extension for WindowsStandalone target not found
Refreshing native plugins compatible for Editor in 0.32 ms, found 1 plugins.
Preloading 0 native plugins for Editor in 0.00 ms.
Mono: successfully reloaded assembly
- Completed reload, in  0.827 seconds
Platform modules already initialized, skipping
Refreshing native plugins compatible for Editor in 0.40 ms, found 1 plugins.
Preloading 0 native plugins for Editor in 0.00 ms.
Unloading 1953 Unused Serialized files (Serialized files now loaded: 0)
System memory in use before: 90.9 MB.
System memory in use after: 90.9 MB.

Unloading 13 unused Assets to reduce memory usage. Loaded Objects now: 2428.
Total: 2.078800 ms (FindLiveObjects: 0.183100 ms CreateObjectMapping: 0.055400 ms MarkObjects: 1.745300 ms  DeleteObjects: 0.094400 ms)

========================================================================
Received Prepare
Registering precompiled user dll's ...
Registered in 0.000858 seconds.
Begin MonoManager ReloadAssembly
Native extension for WindowsStandalone target not found
Refreshing native plugins compatible for Editor in 0.35 ms, found 1 plugins.
Preloading 0 native plugins for Editor in 0.00 ms.
Mono: successfully reloaded assembly
- Completed reload, in  0.821 seconds
Platform modules already initialized, skipping
Refreshing native plugins compatible for Editor in 0.36 ms, found 1 plugins.
Preloading 0 native plugins for Editor in 0.00 ms.
Unloading 1953 Unused Serialized files (Serialized files now loaded: 0)
System memory in use before: 90.9 MB.
System memory in use after: 90.9 MB.

Unloading 13 unused Assets to reduce memory usage. Loaded Objects now: 2432.
Total: 1.846000 ms (FindLiveObjects: 0.174100 ms CreateObjectMapping: 0.064500 ms MarkObjects: 1.510100 ms  DeleteObjects: 0.096500 ms)

========================================================================
Received Import Request.
  Time since last request: 152.233626 seconds.
  path: Assets/Animations/Dog.anim
  artifactKey: Guid(2852596553b14ff4b87da4a4f2fa28fb) Importer(815301076,1909f56bfc062723c751e8b465ee728b)
Start importing Assets/Animations/Dog.anim using Guid(2852596553b14ff4b87da4a4f2fa28fb) Importer(815301076,1909f56bfc062723c751e8b465ee728b)  -> (artifact id: 'a2f791b8a88639714ae6cba43bf58a55') in 0.028057 seconds
  Import took 0.031802 seconds .

========================================================================
Received Import Request.
  Time since last request: 0.815002 seconds.
  path: Assets/Animations/Mordida.anim
  artifactKey: Guid(5b1a3fcc1c2d7f0459ff1057f8c88b84) Importer(815301076,1909f56bfc062723c751e8b465ee728b)
Start importing Assets/Animations/Mordida.anim using Guid(5b1a3fcc1c2d7f0459ff1057f8c88b84) Importer(815301076,1909f56bfc062723c751e8b465ee728b)  -> (artifact id: '02e11a6f41ce60592aa822b36f9f5f40') in 0.010047 seconds
  Import took 0.014651 seconds .

========================================================================
Received Prepare
Registering precompiled user dll's ...
Registered in 0.000888 seconds.
Begin MonoManager ReloadAssembly
Native extension for WindowsStandalone target not found
Refreshing native plugins compatible for Editor in 0.37 ms, found 1 plugins.
Preloading 0 native plugins for Editor in 0.00 ms.
Mono: successfully reloaded assembly
- Completed reload, in  0.748 seconds
Platform modules already initialized, skipping
Refreshing native plugins compatible for Editor in 0.51 ms, found 1 plugins.
Preloading 0 native plugins for Editor in 0.00 ms.
Unloading 1953 Unused Serialized files (Serialized files now loaded: 0)
System memory in use before: 90.9 MB.
System memory in use after: 90.9 MB.

Unloading 13 unused Assets to reduce memory usage. Loaded Objects now: 2436.
Total: 2.713100 ms (FindLiveObjects: 0.182400 ms CreateObjectMapping: 0.072400 ms MarkObjects: 2.356700 ms  DeleteObjects: 0.100500 ms)

========================================================================
Received Import Request.
  Time since last request: 30.704067 seconds.
  path: Assets/Scripts/Cachorro.cs
  artifactKey: Guid(f8049b6f9ec7909439aed8de2d4cb045) Importer(815301076,1909f56bfc062723c751e8b465ee728b)
Start importing Assets/Scripts/Cachorro.cs using Guid(f8049b6f9ec7909439aed8de2d4cb045) Importer(815301076,1909f56bfc062723c751e8b465ee728b)  -> (artifact id: 'b99253fa23ad306ba4233bfb43fc915a') in 0.008261 seconds
  Import took 0.011783 seconds .

========================================================================
Received Import Request.
  Time since last request: 0.001115 seconds.
  path: Assets/Scripts/Cachorro.cs
  artifactKey: Guid(f8049b6f9ec7909439aed8de2d4cb045) Importer(815301076,1909f56bfc062723c751e8b465ee728b)
Start importing Assets/Scripts/Cachorro.cs using Guid(f8049b6f9ec7909439aed8de2d4cb045) Importer(815301076,1909f56bfc062723c751e8b465ee728b)  -> (artifact id: 'b99253fa23ad306ba4233bfb43fc915a') in 0.002181 seconds
  Import took 0.005014 seconds .

========================================================================
Received Import Request.
  Time since last request: 28.373700 seconds.
  path: Assets/Scripts/Victory.cs
  artifactKey: Guid(a51ac6cb53d769740a9cb06b99a5bd72) Importer(815301076,1909f56bfc062723c751e8b465ee728b)
Start importing Assets/Scripts/Victory.cs using Guid(a51ac6cb53d769740a9cb06b99a5bd72) Importer(815301076,1909f56bfc062723c751e8b465ee728b)  -> (artifact id: '71fa0762756266d61428892110a7a3a3') in 0.002357 seconds
  Import took 0.006261 seconds .

========================================================================
Received Prepare
Registering precompiled user dll's ...
Registered in 0.000827 seconds.
Begin MonoManager ReloadAssembly
Native extension for WindowsStandalone target not found
Refreshing native plugins compatible for Editor in 0.36 ms, found 1 plugins.
Preloading 0 native plugins for Editor in 0.00 ms.
Mono: successfully reloaded assembly
- Completed reload, in  0.815 seconds
Platform modules already initialized, skipping
Refreshing native plugins compatible for Editor in 0.34 ms, found 1 plugins.
Preloading 0 native plugins for Editor in 0.00 ms.
Unloading 1953 Unused Serialized files (Serialized files now loaded: 0)
System memory in use before: 90.9 MB.
System memory in use after: 90.9 MB.

Unloading 13 unused Assets to reduce memory usage. Loaded Objects now: 2440.
Total: 1.870400 ms (FindLiveObjects: 0.178700 ms CreateObjectMapping: 0.058500 ms MarkObjects: 1.523900 ms  DeleteObjects: 0.108300 ms)

========================================================================
Received Prepare
Registering precompiled user dll's ...
Registered in 0.001144 seconds.
Begin MonoManager ReloadAssembly
Native extension for WindowsStandalone target not found
Refreshing native plugins compatible for Editor in 0.90 ms, found 1 plugins.
Preloading 0 native plugins for Editor in 0.00 ms.
Mono: successfully reloaded assembly
- Completed reload, in  0.810 seconds
Platform modules already initialized, skipping
Refreshing native plugins compatible for Editor in 0.36 ms, found 1 plugins.
Preloading 0 native plugins for Editor in 0.00 ms.
Unloading 1953 Unused Serialized files (Serialized files now loaded: 0)
System memory in use before: 90.9 MB.
System memory in use after: 90.9 MB.

Unloading 13 unused Assets to reduce memory usage. Loaded Objects now: 2444.
Total: 2.161800 ms (FindLiveObjects: 0.186000 ms CreateObjectMapping: 0.056000 ms MarkObjects: 1.825200 ms  DeleteObjects: 0.093900 ms)

========================================================================
Received Import Request.
  Time since last request: 204.297382 seconds.
  path: Assets/Animations/Dog.controller
  artifactKey: Guid(160820dedb41e984d8274909b0266099) Importer(815301076,1909f56bfc062723c751e8b465ee728b)
Start importing Assets/Animations/Dog.controller using Guid(160820dedb41e984d8274909b0266099) Importer(815301076,1909f56bfc062723c751e8b465ee728b)  -> (artifact id: '096eb93b25f9b89c41bc44d3aa0214c0') in 0.021969 seconds
  Import took 0.026682 seconds .

========================================================================
Received Prepare
Registering precompiled user dll's ...
Registered in 0.000883 seconds.
Begin MonoManager ReloadAssembly
Native extension for WindowsStandalone target not found
Refreshing native plugins compatible for Editor in 0.33 ms, found 1 plugins.
Preloading 0 native plugins for Editor in 0.00 ms.
Mono: successfully reloaded assembly
- Completed reload, in  0.764 seconds
Platform modules already initialized, skipping
Refreshing native plugins compatible for Editor in 0.39 ms, found 1 plugins.
Preloading 0 native plugins for Editor in 0.00 ms.
Unloading 1953 Unused Serialized files (Serialized files now loaded: 0)
System memory in use before: 91.0 MB.
System memory in use after: 90.9 MB.

Unloading 13 unused Assets to reduce memory usage. Loaded Objects now: 2448.
Total: 2.071100 ms (FindLiveObjects: 0.190900 ms CreateObjectMapping: 0.056400 ms MarkObjects: 1.727500 ms  DeleteObjects: 0.095300 ms)

========================================================================
Received Prepare
Registering precompiled user dll's ...
Registered in 0.000838 seconds.
Begin MonoManager ReloadAssembly
Native extension for WindowsStandalone target not found
Refreshing native plugins compatible for Editor in 0.35 ms, found 1 plugins.
Preloading 0 native plugins for Editor in 0.00 ms.
Mono: successfully reloaded assembly
- Completed reload, in  0.817 seconds
Platform modules already initialized, skipping
Refreshing native plugins compatible for Editor in 0.36 ms, found 1 plugins.
Preloading 0 native plugins for Editor in 0.00 ms.
Unloading 1953 Unused Serialized files (Serialized files now loaded: 0)
System memory in use before: 91.0 MB.
System memory in use after: 90.9 MB.

Unloading 13 unused Assets to reduce memory usage. Loaded Objects now: 2452.
Total: 2.121000 ms (FindLiveObjects: 0.200900 ms CreateObjectMapping: 0.066100 ms MarkObjects: 1.759700 ms  DeleteObjects: 0.093500 ms)

========================================================================
Received Prepare
Registering precompiled user dll's ...
Registered in 0.000849 seconds.
Begin MonoManager ReloadAssembly
Native extension for WindowsStandalone target not found
Refreshing native plugins compatible for Editor in 0.34 ms, found 1 plugins.
Preloading 0 native plugins for Editor in 0.00 ms.
Mono: successfully reloaded assembly
- Completed reload, in  0.824 seconds
Platform modules already initialized, skipping
Refreshing native plugins compatible for Editor in 0.36 ms, found 1 plugins.
Preloading 0 native plugins for Editor in 0.00 ms.
Unloading 1953 Unused Serialized files (Serialized files now loaded: 0)
System memory in use before: 91.0 MB.
System memory in use after: 91.0 MB.

Unloading 13 unused Assets to reduce memory usage. Loaded Objects now: 2456.
Total: 2.073900 ms (FindLiveObjects: 0.166800 ms CreateObjectMapping: 0.067300 ms MarkObjects: 1.744300 ms  DeleteObjects: 0.094600 ms)

========================================================================
Received Import Request.
  Time since last request: 64.269818 seconds.
  path: Assets/Animations/Vitoria.anim
  artifactKey: Guid(f3ff4c5d0e42a424fb7ce10f3312e8a1) Importer(815301076,1909f56bfc062723c751e8b465ee728b)
Start importing Assets/Animations/Vitoria.anim using Guid(f3ff4c5d0e42a424fb7ce10f3312e8a1) Importer(815301076,1909f56bfc062723c751e8b465ee728b)  -> (artifact id: 'e50ebe00a99ef32ddb368cb8d726498f') in 0.025209 seconds
  Import took 0.028661 seconds .

========================================================================
Received Prepare
Registering precompiled user dll's ...
Registered in 0.001197 seconds.
Begin MonoManager ReloadAssembly
Native extension for WindowsStandalone target not found
Refreshing native plugins compatible for Editor in 0.54 ms, found 1 plugins.
Preloading 0 native plugins for Editor in 0.00 ms.
Mono: successfully reloaded assembly
- Completed reload, in  0.885 seconds
Platform modules already initialized, skipping
Refreshing native plugins compatible for Editor in 0.35 ms, found 1 plugins.
Preloading 0 native plugins for Editor in 0.00 ms.
Unloading 1953 Unused Serialized files (Serialized files now loaded: 0)
System memory in use before: 91.0 MB.
System memory in use after: 91.0 MB.

Unloading 13 unused Assets to reduce memory usage. Loaded Objects now: 2460.
Total: 2.285200 ms (FindLiveObjects: 0.268000 ms CreateObjectMapping: 0.085800 ms MarkObjects: 1.809800 ms  DeleteObjects: 0.120600 ms)

========================================================================
Received Prepare
Registering precompiled user dll's ...
Registered in 0.000882 seconds.
Begin MonoManager ReloadAssembly
Native extension for WindowsStandalone target not found
Refreshing native plugins compatible for Editor in 0.37 ms, found 1 plugins.
Preloading 0 native plugins for Editor in 0.00 ms.
Mono: successfully reloaded assembly
- Completed reload, in  0.792 seconds
Platform modules already initialized, skipping
Refreshing native plugins compatible for Editor in 0.35 ms, found 1 plugins.
Preloading 0 native plugins for Editor in 0.00 ms.
Unloading 1953 Unused Serialized files (Serialized files now loaded: 0)
System memory in use before: 91.0 MB.
System memory in use after: 91.0 MB.

Unloading 13 unused Assets to reduce memory usage. Loaded Objects now: 2464.
Total: 2.064100 ms (FindLiveObjects: 0.191900 ms CreateObjectMapping: 0.062100 ms MarkObjects: 1.701700 ms  DeleteObjects: 0.107500 ms)

========================================================================
Received Import Request.
  Time since last request: 112.807994 seconds.
  path: Assets/Scripts/Stalker.cs
  artifactKey: Guid(54406a8e8fadf374eaa6cb434ff07e4a) Importer(815301076,1909f56bfc062723c751e8b465ee728b)
Start importing Assets/Scripts/Stalker.cs using Guid(54406a8e8fadf374eaa6cb434ff07e4a) Importer(815301076,1909f56bfc062723c751e8b465ee728b)  -> (artifact id: '999ea98d1793b8f25dd6c4d18e985013') in 0.007743 seconds
  Import took 0.019942 seconds .

========================================================================
Received Prepare
Registering precompiled user dll's ...
Registered in 0.000806 seconds.
Begin MonoManager ReloadAssembly
Native extension for WindowsStandalone target not found
Refreshing native plugins compatible for Editor in 0.34 ms, found 1 plugins.
Preloading 0 native plugins for Editor in 0.00 ms.
Mono: successfully reloaded assembly
- Completed reload, in  0.779 seconds
Platform modules already initialized, skipping
Refreshing native plugins compatible for Editor in 0.35 ms, found 1 plugins.
Preloading 0 native plugins for Editor in 0.00 ms.
Unloading 1953 Unused Serialized files (Serialized files now loaded: 0)
System memory in use before: 91.0 MB.
System memory in use after: 91.0 MB.

Unloading 13 unused Assets to reduce memory usage. Loaded Objects now: 2468.
Total: 2.170800 ms (FindLiveObjects: 0.185700 ms CreateObjectMapping: 0.065600 ms MarkObjects: 1.813300 ms  DeleteObjects: 0.105200 ms)

========================================================================
Received Import Request.
  Time since last request: 29.036287 seconds.
  path: Assets/Scripts/Stalker.cs
  artifactKey: Guid(54406a8e8fadf374eaa6cb434ff07e4a) Importer(815301076,1909f56bfc062723c751e8b465ee728b)
Start importing Assets/Scripts/Stalker.cs using Guid(54406a8e8fadf374eaa6cb434ff07e4a) Importer(815301076,1909f56bfc062723c751e8b465ee728b)  -> (artifact id: '0fdb112979e1bdc2638f52b3a964631d') in 0.004607 seconds
  Import took 0.008000 seconds .

========================================================================
Received Import Request.
  Time since last request: 32.388571 seconds.
  path: Assets/Scenes/Vitoria.unity
  artifactKey: Guid(55105a895426d8747be5ac0822a0c034) Importer(815301076,1909f56bfc062723c751e8b465ee728b)
Start importing Assets/Scenes/Vitoria.unity using Guid(55105a895426d8747be5ac0822a0c034) Importer(815301076,1909f56bfc062723c751e8b465ee728b)  -> (artifact id: '9caaf5079483598ed40ef7563ffa6385') in 0.015625 seconds
  Import took 0.019055 seconds .

========================================================================
Received Import Request.
  Time since last request: 33.340212 seconds.
  path: Assets/Scenes/GameOver.unity
  artifactKey: Guid(d3e5615b39c1853458f257c259ec8203) Importer(815301076,1909f56bfc062723c751e8b465ee728b)
Start importing Assets/Scenes/GameOver.unity using Guid(d3e5615b39c1853458f257c259ec8203) Importer(815301076,1909f56bfc062723c751e8b465ee728b)  -> (artifact id: '88f0d877dab389146db417ce992c6def') in 0.009724 seconds
  Import took 0.021282 seconds .

========================================================================
Received Prepare
Registering precompiled user dll's ...
Registered in 0.000827 seconds.
Begin MonoManager ReloadAssembly
Native extension for WindowsStandalone target not found
Refreshing native plugins compatible for Editor in 0.36 ms, found 1 plugins.
Preloading 0 native plugins for Editor in 0.00 ms.
Mono: successfully reloaded assembly
- Completed reload, in  0.828 seconds
Platform modules already initialized, skipping
Refreshing native plugins compatible for Editor in 0.41 ms, found 1 plugins.
Preloading 0 native plugins for Editor in 0.00 ms.
Unloading 1953 Unused Serialized files (Serialized files now loaded: 0)
System memory in use before: 91.0 MB.
System memory in use after: 91.0 MB.

Unloading 13 unused Assets to reduce memory usage. Loaded Objects now: 2472.
Total: 2.101000 ms (FindLiveObjects: 0.193900 ms CreateObjectMapping: 0.068900 ms MarkObjects: 1.711900 ms  DeleteObjects: 0.125100 ms)

========================================================================
Received Prepare
Registering precompiled user dll's ...
Registered in 0.001155 seconds.
Begin MonoManager ReloadAssembly
Native extension for WindowsStandalone target not found
Refreshing native plugins compatible for Editor in 0.34 ms, found 1 plugins.
Preloading 0 native plugins for Editor in 0.00 ms.
Mono: successfully reloaded assembly
- Completed reload, in  0.806 seconds
Platform modules already initialized, skipping
Refreshing native plugins compatible for Editor in 0.48 ms, found 1 plugins.
Preloading 0 native plugins for Editor in 0.00 ms.
Unloading 1953 Unused Serialized files (Serialized files now loaded: 0)
System memory in use before: 91.0 MB.
System memory in use after: 91.0 MB.

Unloading 13 unused Assets to reduce memory usage. Loaded Objects now: 2476.
Total: 1.886100 ms (FindLiveObjects: 0.181600 ms CreateObjectMapping: 0.053900 ms MarkObjects: 1.560700 ms  DeleteObjects: 0.089000 ms)

========================================================================
Received Prepare
Registering precompiled user dll's ...
Registered in 0.000886 seconds.
Begin MonoManager ReloadAssembly
Native extension for WindowsStandalone target not found
Refreshing native plugins compatible for Editor in 0.34 ms, found 1 plugins.
Preloading 0 native plugins for Editor in 0.00 ms.
Mono: successfully reloaded assembly
- Completed reload, in  0.776 seconds
Platform modules already initialized, skipping
Refreshing native plugins compatible for Editor in 0.47 ms, found 1 plugins.
Preloading 0 native plugins for Editor in 0.00 ms.
Unloading 1953 Unused Serialized files (Serialized files now loaded: 0)
System memory in use before: 91.0 MB.
System memory in use after: 91.0 MB.

Unloading 13 unused Assets to reduce memory usage. Loaded Objects now: 2480.
Total: 2.033300 ms (FindLiveObjects: 0.175200 ms CreateObjectMapping: 0.064400 ms MarkObjects: 1.657400 ms  DeleteObjects: 0.135400 ms)

========================================================================
Received Import Request.
  Time since last request: 234.039971 seconds.
  path: Assets/Animations/Meia.anim
  artifactKey: Guid(3146d1a9c04a2094389f101cc84fbbe3) Importer(815301076,1909f56bfc062723c751e8b465ee728b)
Start importing Assets/Animations/Meia.anim using Guid(3146d1a9c04a2094389f101cc84fbbe3) Importer(815301076,1909f56bfc062723c751e8b465ee728b)  -> (artifact id: '83aa660a98784b294c53126c9ee9e183') in 0.030709 seconds
  Import took 0.039734 seconds .

========================================================================
Received Import Request.
  Time since last request: 0.002171 seconds.
  path: Assets/Animations/Meia.anim
  artifactKey: Guid(3146d1a9c04a2094389f101cc84fbbe3) Importer(815301076,1909f56bfc062723c751e8b465ee728b)
Start importing Assets/Animations/Meia.anim using Guid(3146d1a9c04a2094389f101cc84fbbe3) Importer(815301076,1909f56bfc062723c751e8b465ee728b)  -> (artifact id: '83aa660a98784b294c53126c9ee9e183') in 0.005398 seconds
  Import took 0.010259 seconds .

========================================================================
Received Import Request.
  Time since last request: 1.759727 seconds.
  path: Assets/Animations/New Animation.anim
  artifactKey: Guid(7c8694a20fa26ad44b3f1ac7538a126f) Importer(815301076,1909f56bfc062723c751e8b465ee728b)
Start importing Assets/Animations/New Animation.anim using Guid(7c8694a20fa26ad44b3f1ac7538a126f) Importer(815301076,1909f56bfc062723c751e8b465ee728b)  -> (artifact id: '2e0400966f9f7f51d06a84f4f5041fea') in 0.016957 seconds
  Import took 0.020988 seconds .

========================================================================
Received Import Request.
  Time since last request: 2.080807 seconds.
  path: Assets/Animations/Vitoria.anim
  artifactKey: Guid(f3ff4c5d0e42a424fb7ce10f3312e8a1) Importer(815301076,1909f56bfc062723c751e8b465ee728b)
Start importing Assets/Animations/Vitoria.anim using Guid(f3ff4c5d0e42a424fb7ce10f3312e8a1) Importer(815301076,1909f56bfc062723c751e8b465ee728b)  -> (artifact id: '08721107f2f70968c179118ed862405c') in 0.003640 seconds
  Import took 0.008155 seconds .

========================================================================
Received Prepare
Registering precompiled user dll's ...
Registered in 0.000902 seconds.
Begin MonoManager ReloadAssembly
Native extension for WindowsStandalone target not found
Refreshing native plugins compatible for Editor in 0.35 ms, found 1 plugins.
Preloading 0 native plugins for Editor in 0.00 ms.
Mono: successfully reloaded assembly
- Completed reload, in  0.812 seconds
Platform modules already initialized, skipping
Refreshing native plugins compatible for Editor in 0.36 ms, found 1 plugins.
Preloading 0 native plugins for Editor in 0.00 ms.
Unloading 1953 Unused Serialized files (Serialized files now loaded: 0)
System memory in use before: 91.2 MB.
System memory in use after: 91.2 MB.

Unloading 13 unused Assets to reduce memory usage. Loaded Objects now: 2484.
Total: 2.056100 ms (FindLiveObjects: 0.179500 ms CreateObjectMapping: 0.065100 ms MarkObjects: 1.717700 ms  DeleteObjects: 0.092800 ms)

========================================================================
Received Prepare
Registering precompiled user dll's ...
Registered in 0.000876 seconds.
Begin MonoManager ReloadAssembly
Native extension for WindowsStandalone target not found
Refreshing native plugins compatible for Editor in 0.36 ms, found 1 plugins.
Preloading 0 native plugins for Editor in 0.00 ms.
Mono: successfully reloaded assembly
- Completed reload, in  0.864 seconds
Platform modules already initialized, skipping
Refreshing native plugins compatible for Editor in 0.42 ms, found 1 plugins.
Preloading 0 native plugins for Editor in 0.00 ms.
Unloading 1953 Unused Serialized files (Serialized files now loaded: 0)
System memory in use before: 91.2 MB.
System memory in use after: 91.2 MB.

Unloading 13 unused Assets to reduce memory usage. Loaded Objects now: 2488.
Total: 2.227100 ms (FindLiveObjects: 0.223400 ms CreateObjectMapping: 0.067600 ms MarkObjects: 1.824100 ms  DeleteObjects: 0.110900 ms)

========================================================================
Received Prepare
Registering precompiled user dll's ...
Registered in 0.001059 seconds.
Begin MonoManager ReloadAssembly
Native extension for WindowsStandalone target not found
Refreshing native plugins compatible for Editor in 0.35 ms, found 1 plugins.
Preloading 0 native plugins for Editor in 0.00 ms.
Mono: successfully reloaded assembly
- Completed reload, in  0.790 seconds
Platform modules already initialized, skipping
Refreshing native plugins compatible for Editor in 0.48 ms, found 1 plugins.
Preloading 0 native plugins for Editor in 0.00 ms.
Unloading 1953 Unused Serialized files (Serialized files now loaded: 0)
System memory in use before: 91.2 MB.
System memory in use after: 91.2 MB.

Unloading 13 unused Assets to reduce memory usage. Loaded Objects now: 2492.
Total: 1.940600 ms (FindLiveObjects: 0.209500 ms CreateObjectMapping: 0.070500 ms MarkObjects: 1.560100 ms  DeleteObjects: 0.099500 ms)

========================================================================
Received Import Request.
  Time since last request: 289.870872 seconds.
  path: Assets/Animations/Vitoria.controller
  artifactKey: Guid(abd4f005cc8b4b748bb463c337989ad7) Importer(815301076,1909f56bfc062723c751e8b465ee728b)
Start importing Assets/Animations/Vitoria.controller using Guid(abd4f005cc8b4b748bb463c337989ad7) Importer(815301076,1909f56bfc062723c751e8b465ee728b)  -> (artifact id: '474d07adb3285266ac5a96d95d936ba1') in 0.018940 seconds
  Import took 0.032272 seconds .

AssetImportWorkerClient::OnTransportError - code=2 error=End of file
